<?xml version="1.0" encoding="UTF-8"?>
<!-- Generated by org.testng.reporters.JUnitReportReporter -->
<testsuite hostname="Madhanu" failures="0" tests="1" name="com.simplilearn.TestingMedicareWebApplication.Testcases$testcase002" time="15.126" errors="0" timestamp="2023-09-06T19:48:20 IST" skipped="0">
  <testcase classname="com.simplilearn.TestingMedicareWebApplication.Testcases$testcase002" name="login" time="15.126"/>
</testsuite> <!-- com.simplilearn.TestingMedicareWebApplication.Testcases$testcase002 -->
