<?xml version="1.0" encoding="UTF-8"?>
<!-- Generated by org.testng.reporters.JUnitReportReporter -->
<testsuite hostname="Madhanu" failures="0" tests="1" name="com.simplilearn.TestingMedicareWebApplication.Testcases$testcase004" time="9.484" errors="0" timestamp="2023-09-06T19:48:20 IST" skipped="0">
  <testcase classname="com.simplilearn.TestingMedicareWebApplication.Testcases$testcase004" name="contact" time="9.484"/>
</testsuite> <!-- com.simplilearn.TestingMedicareWebApplication.Testcases$testcase004 -->
